<?xml version="1.0" encoding="UTF-8"?>
<!-- Generated by org.testng.reporters.JUnitReportReporter -->
<testsuite skipped="0" hostname="Ranjitha-PC" name="testrunners.Testin" tests="1" failures="0" timestamp="17 Oct 2022 06:21:38 GMT" time="11.006" errors="0">
  <testcase name="Testing" time="11.006" classname="testrunners.Testin"/>
</testsuite> <!-- testrunners.Testin -->
