<?xml version="1.0" encoding="UTF-8"?>
<!-- Generated by org.testng.reporters.JUnitReportReporter -->
<testsuite skipped="0" hostname="Ranjitha-PC" name="testrunners.CustomerProfileManagementTest" tests="1" failures="0" timestamp="17 Oct 2022 15:40:08 GMT" time="21.676" errors="0">
  <testcase name="feature" time="21.676" classname="testrunners.CustomerProfileManagementTest"/>
</testsuite> <!-- testrunners.CustomerProfileManagementTest -->
