<?xml version="1.0" encoding="UTF-8"?>
<!-- Generated by org.testng.reporters.JUnitReportReporter -->
<testsuite skipped="0" hostname="Ranjitha-PC" name="testrunners.BookHotelTest" tests="1" failures="0" timestamp="17 Oct 2022 15:40:08 GMT" time="112.651" errors="0">
  <testcase name="feature" time="112.651" classname="testrunners.BookHotelTest"/>
</testsuite> <!-- testrunners.BookHotelTest -->
