<?xml version="1.0" encoding="UTF-8"?>
<!-- Generated by org.testng.reporters.JUnitReportReporter -->
<testsuite skipped="0" hostname="Ranjitha-PC" name="testrunnuers.BookHotelTest" tests="1" failures="0" timestamp="17 Oct 2022 05:52:46 GMT" time="111.364" errors="0">
  <testcase name="feature" time="111.364" classname="testrunnuers.BookHotelTest"/>
</testsuite> <!-- testrunnuers.BookHotelTest -->
