<?xml version="1.0" encoding="UTF-8"?>
<!-- Generated by org.testng.reporters.JUnitReportReporter -->
<testsuite skipped="0" hostname="Ranjitha-PC" name="testrunnuers.Testin" tests="1" failures="0" timestamp="17 Oct 2022 05:44:50 GMT" time="81.494" errors="0">
  <testcase name="Testing" time="81.494" classname="testrunnuers.Testin"/>
</testsuite> <!-- testrunnuers.Testin -->
